{
  "RSpec": {
    "coverage": {
      "/Users/hectorhernandezpenades/code/test_sp/smart_pension_app/lib/log_analyzer.rb": [
        1,
        1,
        3,
        18,
        null,
        null,
        1,
        4,
        24,
        24,
        null,
        4,
        null,
        null,
        1,
        1,
        1,
        5,
        null,
        6,
        null,
        null,
        1,
        1,
        5,
        null,
        1,
        1,
        5,
        null,
        6,
        null,
        null,
        1,
        null,
        1,
        0,
        0,
        0,
        null,
        0,
        null,
        null
      ]
    },
    "timestamp": 1561933253
  }
}
